  [1m[35m (1.0ms)[0m  [1m[34mSELECT sqlite_version(*)[0m
  [1m[35m (7.4ms)[0m  [1m[35mCREATE TABLE "schema_migrations" ("version" varchar NOT NULL PRIMARY KEY)[0m
  [1m[35m (5.4ms)[0m  [1m[35mCREATE TABLE "ar_internal_metadata" ("key" varchar NOT NULL PRIMARY KEY, "value" varchar, "created_at" datetime(6) NOT NULL, "updated_at" datetime(6) NOT NULL)[0m
  [1m[36mActiveRecord::SchemaMigration Pluck (0.1ms)[0m  [1m[34mSELECT "schema_migrations"."version" FROM "schema_migrations" ORDER BY "schema_migrations"."version" ASC[0m
Migrating to CreateUsers (20220722025900)
  [1m[36mTRANSACTION (0.0ms)[0m  [1m[36mbegin transaction[0m
  [1m[35m (0.2ms)[0m  [1m[35mCREATE TABLE "users" ("id" integer PRIMARY KEY AUTOINCREMENT NOT NULL, "name" varchar, "email" varchar, "created_at" datetime(6) NOT NULL, "updated_at" datetime(6) NOT NULL)[0m
  [1m[36mActiveRecord::SchemaMigration Create (0.1ms)[0m  [1m[32mINSERT INTO "schema_migrations" ("version") VALUES (?)[0m  [["version", "20220722025900"]]
  [1m[36mTRANSACTION (5.5ms)[0m  [1m[36mcommit transaction[0m
  [1m[36mActiveRecord::InternalMetadata Load (0.1ms)[0m  [1m[34mSELECT "ar_internal_metadata".* FROM "ar_internal_metadata" WHERE "ar_internal_metadata"."key" = ? LIMIT ?[0m  [["key", "environment"], ["LIMIT", 1]]
  [1m[36mTRANSACTION (0.0ms)[0m  [1m[36mbegin transaction[0m
  [1m[36mActiveRecord::InternalMetadata Create (0.1ms)[0m  [1m[32mINSERT INTO "ar_internal_metadata" ("key", "value", "created_at", "updated_at") VALUES (?, ?, ?, ?)[0m  [["key", "environment"], ["value", "development"], ["created_at", "2022-07-22 02:59:28.299072"], ["updated_at", "2022-07-22 02:59:28.299072"]]
  [1m[36mTRANSACTION (3.7ms)[0m  [1m[36mcommit transaction[0m
  [1m[35m (0.0ms)[0m  [1m[34mSELECT sqlite_version(*)[0m
  [1m[36mActiveRecord::SchemaMigration Pluck (0.1ms)[0m  [1m[34mSELECT "schema_migrations"."version" FROM "schema_migrations" ORDER BY "schema_migrations"."version" ASC[0m
Started GET "/" for 127.0.0.1 at 2022-07-22 11:59:42 +0900
  [1m[35m (0.8ms)[0m  [1m[34mSELECT sqlite_version(*)[0m
  [1m[36mActiveRecord::SchemaMigration Pluck (0.1ms)[0m  [1m[34mSELECT "schema_migrations"."version" FROM "schema_migrations" ORDER BY "schema_migrations"."version" ASC[0m
Processing by Rails::WelcomeController#index as HTML
  Rendering /home/yasu/.rbenv/versions/3.1.2/lib/ruby/gems/3.1.0/gems/railties-7.0.3.1/lib/rails/templates/rails/welcome/index.html.erb
  Rendered /home/yasu/.rbenv/versions/3.1.2/lib/ruby/gems/3.1.0/gems/railties-7.0.3.1/lib/rails/templates/rails/welcome/index.html.erb (Duration: 1.4ms | Allocations: 652)
Completed 200 OK in 12ms (Views: 4.7ms | ActiveRecord: 0.0ms | Allocations: 5114)


Started GET "/users/" for 127.0.0.1 at 2022-07-22 11:59:52 +0900
Processing by UsersController#index as HTML
  Rendering layout layouts/application.html.erb
  Rendering users/index.html.erb within layouts/application
  [1m[36mUser Load (0.1ms)[0m  [1m[34mSELECT "users".* FROM "users"[0m
  â†³ app/views/users/index.html.erb:6
  Rendered users/index.html.erb within layouts/application (Duration: 4.9ms | Allocations: 1396)
  Rendered layout layouts/application.html.erb (Duration: 199.5ms | Allocations: 87901)
Completed 200 OK in 204ms (Views: 201.9ms | ActiveRecord: 0.1ms | Allocations: 89762)


Started GET "/microposts/" for 127.0.0.1 at 2022-07-22 12:00:01 +0900
  
ActionController::RoutingError (No route matches [GET] "/microposts"):
  
Started GET "/users/new" for 127.0.0.1 at 2022-07-22 12:00:05 +0900
Processing by UsersController#new as HTML
  Rendering layout layouts/application.html.erb
  Rendering users/new.html.erb within layouts/application
  Rendered users/_form.html.erb (Duration: 8.6ms | Allocations: 4433)
  Rendered users/new.html.erb within layouts/application (Duration: 9.9ms | Allocations: 4794)
  Rendered layout layouts/application.html.erb (Duration: 13.1ms | Allocations: 7109)
Completed 200 OK in 25ms (Views: 13.9ms | ActiveRecord: 0.9ms | Allocations: 11111)


Started GET "/users/new" for 127.0.0.1 at 2022-07-22 12:00:31 +0900
  [1m[35m (0.5ms)[0m  [1m[34mSELECT sqlite_version(*)[0m
  [1m[36mActiveRecord::SchemaMigration Pluck (0.2ms)[0m  [1m[34mSELECT "schema_migrations"."version" FROM "schema_migrations" ORDER BY "schema_migrations"."version" ASC[0m
Processing by UsersController#new as HTML
  Rendering layout layouts/application.html.erb
  Rendering users/new.html.erb within layouts/application
  Rendered users/_form.html.erb (Duration: 8.1ms | Allocations: 3359)
  Rendered users/new.html.erb within layouts/application (Duration: 9.2ms | Allocations: 3998)
  Rendered layout layouts/application.html.erb (Duration: 49.7ms | Allocations: 38301)
Completed 200 OK in 64ms (Views: 51.9ms | ActiveRecord: 0.6ms | Allocations: 45951)


Started GET "/users/new" for 127.0.0.1 at 2022-07-22 12:07:15 +0900
  [1m[35m (0.4ms)[0m  [1m[34mSELECT sqlite_version(*)[0m
  [1m[36mActiveRecord::SchemaMigration Pluck (0.1ms)[0m  [1m[34mSELECT "schema_migrations"."version" FROM "schema_migrations" ORDER BY "schema_migrations"."version" ASC[0m
Processing by UsersController#new as HTML
  Rendering layout layouts/application.html.erb
  Rendering users/new.html.erb within layouts/application
  Rendered users/_form.html.erb (Duration: 6.5ms | Allocations: 3362)
  Rendered users/new.html.erb within layouts/application (Duration: 7.5ms | Allocations: 4001)
  Rendered layout layouts/application.html.erb (Duration: 43.4ms | Allocations: 38166)
Completed 200 OK in 56ms (Views: 45.4ms | ActiveRecord: 0.4ms | Allocations: 45816)


Started GET "/" for 127.0.0.1 at 2022-07-22 12:07:19 +0900
Processing by UsersController#index as HTML
  Rendering layout layouts/application.html.erb
  Rendering users/index.html.erb within layouts/application
  [1m[36mUser Load (0.4ms)[0m  [1m[34mSELECT "users".* FROM "users"[0m
  â†³ app/views/users/index.html.erb:6
  Rendered users/index.html.erb within layouts/application (Duration: 5.0ms | Allocations: 1283)
  Rendered layout layouts/application.html.erb (Duration: 13.0ms | Allocations: 3596)
Completed 200 OK in 16ms (Views: 13.9ms | ActiveRecord: 0.4ms | Allocations: 4116)


Started GET "/users/new" for 127.0.0.1 at 2022-07-22 12:08:34 +0900
Processing by UsersController#new as HTML
  Rendering layout layouts/application.html.erb
  Rendering users/new.html.erb within layouts/application
  Rendered users/_form.html.erb (Duration: 6.0ms | Allocations: 1075)
  Rendered users/new.html.erb within layouts/application (Duration: 6.9ms | Allocations: 1187)
  Rendered layout layouts/application.html.erb (Duration: 11.3ms | Allocations: 3387)
Completed 200 OK in 13ms (Views: 12.5ms | ActiveRecord: 0.0ms | Allocations: 3684)


Started POST "/users" for 127.0.0.1 at 2022-07-22 12:08:44 +0900
Processing by UsersController#create as TURBO_STREAM
  Parameters: {"authenticity_token"=>"[FILTERED]", "user"=>{"name"=>"Yasuaki Mizuno", "email"=>"yasuakimizuno36@gmail.com"}, "commit"=>"Create User"}
  [1m[36mTRANSACTION (0.1ms)[0m  [1m[36mbegin transaction[0m
  â†³ app/controllers/users_controller.rb:27:in `block in create'
  [1m[36mUser Create (0.3ms)[0m  [1m[32mINSERT INTO "users" ("name", "email", "created_at", "updated_at") VALUES (?, ?, ?, ?)[0m  [["name", "Yasuaki Mizuno"], ["email", "yasuakimizuno36@gmail.com"], ["created_at", "2022-07-22 03:08:44.688189"], ["updated_at", "2022-07-22 03:08:44.688189"]]
  â†³ app/controllers/users_controller.rb:27:in `block in create'
  [1m[36mTRANSACTION (3.8ms)[0m  [1m[36mcommit transaction[0m
  â†³ app/controllers/users_controller.rb:27:in `block in create'
Redirected to http://localhost:3000/users/1
Completed 302 Found in 10ms (ActiveRecord: 4.2ms | Allocations: 3818)


Started GET "/users/1" for 127.0.0.1 at 2022-07-22 12:08:44 +0900
Processing by UsersController#show as TURBO_STREAM
  Parameters: {"id"=>"1"}
  [1m[36mUser Load (0.2ms)[0m  [1m[34mSELECT "users".* FROM "users" WHERE "users"."id" = ? LIMIT ?[0m  [["id", 1], ["LIMIT", 1]]
  â†³ app/controllers/users_controller.rb:63:in `set_user'
  Rendering layout layouts/application.html.erb
  Rendering users/show.html.erb within layouts/application
  Rendered users/_user.html.erb (Duration: 0.4ms | Allocations: 243)
  Rendered users/show.html.erb within layouts/application (Duration: 2.5ms | Allocations: 1641)
  Rendered layout layouts/application.html.erb (Duration: 4.4ms | Allocations: 3940)
Completed 200 OK in 7ms (Views: 4.8ms | ActiveRecord: 0.2ms | Allocations: 6752)


Started GET "/users/1/edit" for 127.0.0.1 at 2022-07-22 12:09:00 +0900
Processing by UsersController#edit as HTML
  Parameters: {"id"=>"1"}
  [1m[36mUser Load (0.1ms)[0m  [1m[34mSELECT "users".* FROM "users" WHERE "users"."id" = ? LIMIT ?[0m  [["id", 1], ["LIMIT", 1]]
  â†³ app/controllers/users_controller.rb:63:in `set_user'
  Rendering layout layouts/application.html.erb
  Rendering users/edit.html.erb within layouts/application
  Rendered users/_form.html.erb (Duration: 1.8ms | Allocations: 1198)
  Rendered users/edit.html.erb within layouts/application (Duration: 2.7ms | Allocations: 1507)
  Rendered layout layouts/application.html.erb (Duration: 6.2ms | Allocations: 3699)
Completed 200 OK in 8ms (Views: 6.7ms | ActiveRecord: 0.1ms | Allocations: 4597)


Started GET "/users" for 127.0.0.1 at 2022-07-22 12:09:02 +0900
Processing by UsersController#index as HTML
  Rendering layout layouts/application.html.erb
  Rendering users/index.html.erb within layouts/application
  [1m[36mUser Load (0.2ms)[0m  [1m[34mSELECT "users".* FROM "users"[0m
  â†³ app/views/users/index.html.erb:6
  Rendered users/_user.html.erb (Duration: 0.1ms | Allocations: 27)
  Rendered users/index.html.erb within layouts/application (Duration: 2.9ms | Allocations: 957)
  Rendered layout layouts/application.html.erb (Duration: 7.1ms | Allocations: 3156)
Completed 200 OK in 9ms (Views: 8.1ms | ActiveRecord: 0.2ms | Allocations: 3439)


Started GET "/users/new" for 127.0.0.1 at 2022-07-22 12:09:07 +0900
Processing by UsersController#new as HTML
  Rendering layout layouts/application.html.erb
  Rendering users/new.html.erb within layouts/application
  Rendered users/_form.html.erb (Duration: 2.1ms | Allocations: 994)
  Rendered users/new.html.erb within layouts/application (Duration: 2.4ms | Allocations: 1102)
  Rendered layout layouts/application.html.erb (Duration: 6.4ms | Allocations: 3302)
Completed 200 OK in 8ms (Views: 7.0ms | ActiveRecord: 0.0ms | Allocations: 3599)


  [1m[35m (0.4ms)[0m  [1m[34mSELECT sqlite_version(*)[0m
  [1m[36mActiveRecord::SchemaMigration Pluck (0.1ms)[0m  [1m[34mSELECT "schema_migrations"."version" FROM "schema_migrations" ORDER BY "schema_migrations"."version" ASC[0m
Migrating to CreateMicroposts (20220722031136)
  [1m[36mTRANSACTION (0.1ms)[0m  [1m[36mbegin transaction[0m
  [1m[35m (0.2ms)[0m  [1m[35mCREATE TABLE "microposts" ("id" integer PRIMARY KEY AUTOINCREMENT NOT NULL, "content" text, "user_id" integer, "created_at" datetime(6) NOT NULL, "updated_at" datetime(6) NOT NULL)[0m
  [1m[36mActiveRecord::SchemaMigration Create (0.1ms)[0m  [1m[32mINSERT INTO "schema_migrations" ("version") VALUES (?)[0m  [["version", "20220722031136"]]
  [1m[36mTRANSACTION (6.5ms)[0m  [1m[36mcommit transaction[0m
  [1m[36mActiveRecord::InternalMetadata Load (0.1ms)[0m  [1m[34mSELECT "ar_internal_metadata".* FROM "ar_internal_metadata" WHERE "ar_internal_metadata"."key" = ? LIMIT ?[0m  [["key", "environment"], ["LIMIT", 1]]
  [1m[35m (0.0ms)[0m  [1m[34mSELECT sqlite_version(*)[0m
  [1m[36mActiveRecord::SchemaMigration Pluck (0.1ms)[0m  [1m[34mSELECT "schema_migrations"."version" FROM "schema_migrations" ORDER BY "schema_migrations"."version" ASC[0m
Started GET "/users" for 127.0.0.1 at 2022-07-22 12:13:24 +0900
  [1m[35m (0.4ms)[0m  [1m[34mSELECT sqlite_version(*)[0m
  [1m[36mActiveRecord::SchemaMigration Pluck (0.1ms)[0m  [1m[34mSELECT "schema_migrations"."version" FROM "schema_migrations" ORDER BY "schema_migrations"."version" ASC[0m
Processing by UsersController#index as HTML
  Rendering layout layouts/application.html.erb
  Rendering users/index.html.erb within layouts/application
  [1m[36mUser Load (0.1ms)[0m  [1m[34mSELECT "users".* FROM "users"[0m
  â†³ app/views/users/index.html.erb:6
  Rendered users/_user.html.erb (Duration: 0.5ms | Allocations: 271)
  Rendered users/index.html.erb within layouts/application (Duration: 10.4ms | Allocations: 6086)
  Rendered layout layouts/application.html.erb (Duration: 43.3ms | Allocations: 40830)
Completed 200 OK in 52ms (Views: 44.8ms | ActiveRecord: 0.5ms | Allocations: 45004)


Started GET "/microposts/" for 127.0.0.1 at 2022-07-22 12:13:29 +0900
Processing by MicropostsController#index as HTML
  Rendering layout layouts/application.html.erb
  Rendering microposts/index.html.erb within layouts/application
  [1m[36mMicropost Load (0.7ms)[0m  [1m[34mSELECT "microposts".* FROM "microposts"[0m
  â†³ app/views/microposts/index.html.erb:6
  Rendered microposts/index.html.erb within layouts/application (Duration: 5.7ms | Allocations: 1302)
  Rendered layout layouts/application.html.erb (Duration: 12.2ms | Allocations: 3714)
Completed 200 OK in 19ms (Views: 14.5ms | ActiveRecord: 0.7ms | Allocations: 5040)


Started GET "/microposts/new" for 127.0.0.1 at 2022-07-22 12:13:31 +0900
Processing by MicropostsController#new as HTML
  Rendering layout layouts/application.html.erb
  Rendering microposts/new.html.erb within layouts/application
  Rendered microposts/_form.html.erb (Duration: 8.5ms | Allocations: 3425)
  Rendered microposts/new.html.erb within layouts/application (Duration: 9.5ms | Allocations: 3770)
  Rendered layout layouts/application.html.erb (Duration: 11.9ms | Allocations: 6083)
Completed 200 OK in 21ms (Views: 12.4ms | ActiveRecord: 1.3ms | Allocations: 8493)


Started POST "/microposts" for 127.0.0.1 at 2022-07-22 12:13:49 +0900
Processing by MicropostsController#create as TURBO_STREAM
  Parameters: {"authenticity_token"=>"[FILTERED]", "micropost"=>{"content"=>"First micropost!", "user_id"=>"1"}, "commit"=>"Create Micropost"}
  [1m[36mTRANSACTION (0.1ms)[0m  [1m[36mbegin transaction[0m
  â†³ app/controllers/microposts_controller.rb:27:in `block in create'
  [1m[36mMicropost Create (0.4ms)[0m  [1m[32mINSERT INTO "microposts" ("content", "user_id", "created_at", "updated_at") VALUES (?, ?, ?, ?)[0m  [["content", "First micropost!"], ["user_id", 1], ["created_at", "2022-07-22 03:13:49.542417"], ["updated_at", "2022-07-22 03:13:49.542417"]]
  â†³ app/controllers/microposts_controller.rb:27:in `block in create'
  [1m[36mTRANSACTION (5.6ms)[0m  [1m[36mcommit transaction[0m
  â†³ app/controllers/microposts_controller.rb:27:in `block in create'
Redirected to http://localhost:3000/microposts/1
Completed 302 Found in 15ms (ActiveRecord: 6.1ms | Allocations: 3795)


Started GET "/microposts/1" for 127.0.0.1 at 2022-07-22 12:13:49 +0900
Processing by MicropostsController#show as TURBO_STREAM
  Parameters: {"id"=>"1"}
  [1m[36mMicropost Load (0.3ms)[0m  [1m[34mSELECT "microposts".* FROM "microposts" WHERE "microposts"."id" = ? LIMIT ?[0m  [["id", 1], ["LIMIT", 1]]
  â†³ app/controllers/microposts_controller.rb:63:in `set_micropost'
  Rendering layout layouts/application.html.erb
  Rendering microposts/show.html.erb within layouts/application
  Rendered microposts/_micropost.html.erb (Duration: 0.6ms | Allocations: 192)
  Rendered microposts/show.html.erb within layouts/application (Duration: 3.4ms | Allocations: 1308)
  Rendered layout layouts/application.html.erb (Duration: 6.5ms | Allocations: 3606)
Completed 200 OK in 12ms (Views: 7.0ms | ActiveRecord: 0.3ms | Allocations: 6385)


Started GET "/microposts" for 127.0.0.1 at 2022-07-22 12:13:53 +0900
Processing by MicropostsController#index as HTML
  Rendering layout layouts/application.html.erb
  Rendering microposts/index.html.erb within layouts/application
  [1m[36mMicropost Load (0.2ms)[0m  [1m[34mSELECT "microposts".* FROM "microposts"[0m
  â†³ app/views/microposts/index.html.erb:6
  Rendered microposts/_micropost.html.erb (Duration: 0.2ms | Allocations: 26)
  Rendered microposts/index.html.erb within layouts/application (Duration: 3.7ms | Allocations: 934)
  Rendered layout layouts/application.html.erb (Duration: 10.9ms | Allocations: 3135)
Completed 200 OK in 13ms (Views: 11.6ms | ActiveRecord: 0.2ms | Allocations: 3431)


Started GET "/microposts/1" for 127.0.0.1 at 2022-07-22 12:13:54 +0900
Processing by MicropostsController#show as HTML
  Parameters: {"id"=>"1"}
  [1m[36mMicropost Load (0.2ms)[0m  [1m[34mSELECT "microposts".* FROM "microposts" WHERE "microposts"."id" = ? LIMIT ?[0m  [["id", 1], ["LIMIT", 1]]
  â†³ app/controllers/microposts_controller.rb:63:in `set_micropost'
  Rendering layout layouts/application.html.erb
  Rendering microposts/show.html.erb within layouts/application
  Rendered microposts/_micropost.html.erb (Duration: 0.2ms | Allocations: 26)
  Rendered microposts/show.html.erb within layouts/application (Duration: 1.8ms | Allocations: 579)
  Rendered layout layouts/application.html.erb (Duration: 6.7ms | Allocations: 2770)
Completed 200 OK in 11ms (Views: 7.7ms | ActiveRecord: 0.2ms | Allocations: 3530)


Started GET "/microposts/new" for 127.0.0.1 at 2022-07-22 12:13:56 +0900
Processing by MicropostsController#new as HTML
  Rendering layout layouts/application.html.erb
  Rendering microposts/new.html.erb within layouts/application
  Rendered microposts/_form.html.erb (Duration: 7.0ms | Allocations: 1053)
  Rendered microposts/new.html.erb within layouts/application (Duration: 7.4ms | Allocations: 1162)
  Rendered layout layouts/application.html.erb (Duration: 10.8ms | Allocations: 3361)
Completed 200 OK in 13ms (Views: 11.7ms | ActiveRecord: 0.0ms | Allocations: 3648)


Started POST "/microposts" for 127.0.0.1 at 2022-07-22 12:14:09 +0900
Processing by MicropostsController#create as TURBO_STREAM
  Parameters: {"authenticity_token"=>"[FILTERED]", "micropost"=>{"content"=>"Second micropost!", "user_id"=>"1"}, "commit"=>"Create Micropost"}
  [1m[36mTRANSACTION (0.1ms)[0m  [1m[36mbegin transaction[0m
  â†³ app/controllers/microposts_controller.rb:27:in `block in create'
  [1m[36mMicropost Create (0.5ms)[0m  [1m[32mINSERT INTO "microposts" ("content", "user_id", "created_at", "updated_at") VALUES (?, ?, ?, ?)[0m  [["content", "Second micropost!"], ["user_id", 1], ["created_at", "2022-07-22 03:14:09.124377"], ["updated_at", "2022-07-22 03:14:09.124377"]]
  â†³ app/controllers/microposts_controller.rb:27:in `block in create'
  [1m[36mTRANSACTION (4.2ms)[0m  [1m[36mcommit transaction[0m
  â†³ app/controllers/microposts_controller.rb:27:in `block in create'
Redirected to http://localhost:3000/microposts/2
Completed 302 Found in 14ms (ActiveRecord: 4.8ms | Allocations: 2332)


Started GET "/microposts/2" for 127.0.0.1 at 2022-07-22 12:14:09 +0900
Processing by MicropostsController#show as TURBO_STREAM
  Parameters: {"id"=>"2"}
  [1m[36mMicropost Load (0.2ms)[0m  [1m[34mSELECT "microposts".* FROM "microposts" WHERE "microposts"."id" = ? LIMIT ?[0m  [["id", 2], ["LIMIT", 1]]
  â†³ app/controllers/microposts_controller.rb:63:in `set_micropost'
  Rendering layout layouts/application.html.erb
  Rendering microposts/show.html.erb within layouts/application
  Rendered microposts/_micropost.html.erb (Duration: 0.1ms | Allocations: 26)
  Rendered microposts/show.html.erb within layouts/application (Duration: 1.6ms | Allocations: 609)
  Rendered layout layouts/application.html.erb (Duration: 4.9ms | Allocations: 2800)
Completed 200 OK in 8ms (Views: 5.6ms | ActiveRecord: 0.2ms | Allocations: 3561)


Started GET "/microposts" for 127.0.0.1 at 2022-07-22 12:15:19 +0900
Processing by MicropostsController#index as HTML
  Rendering layout layouts/application.html.erb
  Rendering microposts/index.html.erb within layouts/application
  [1m[36mMicropost Load (0.1ms)[0m  [1m[34mSELECT "microposts".* FROM "microposts"[0m
  â†³ app/views/microposts/index.html.erb:6
  Rendered microposts/_micropost.html.erb (Duration: 0.1ms | Allocations: 26)
  Rendered microposts/_micropost.html.erb (Duration: 0.1ms | Allocations: 25)
  Rendered microposts/index.html.erb within layouts/application (Duration: 1.8ms | Allocations: 1069)
  Rendered layout layouts/application.html.erb (Duration: 3.8ms | Allocations: 3268)
Completed 200 OK in 5ms (Views: 4.1ms | ActiveRecord: 0.1ms | Allocations: 3549)


Started GET "/microposts" for 127.0.0.1 at 2022-07-22 12:17:34 +0900
  [1m[35m (1.0ms)[0m  [1m[34mSELECT sqlite_version(*)[0m
  [1m[36mActiveRecord::SchemaMigration Pluck (0.1ms)[0m  [1m[34mSELECT "schema_migrations"."version" FROM "schema_migrations" ORDER BY "schema_migrations"."version" ASC[0m
Processing by MicropostsController#index as HTML
  Rendering layout layouts/application.html.erb
  Rendering microposts/index.html.erb within layouts/application
  [1m[36mMicropost Load (0.2ms)[0m  [1m[34mSELECT "microposts".* FROM "microposts"[0m
  â†³ app/views/microposts/index.html.erb:6
  Rendered microposts/_micropost.html.erb (Duration: 5.6ms | Allocations: 273)
  Rendered microposts/_micropost.html.erb (Duration: 0.1ms | Allocations: 25)
  Rendered microposts/index.html.erb within layouts/application (Duration: 16.0ms | Allocations: 6275)
  Rendered layout layouts/application.html.erb (Duration: 52.4ms | Allocations: 40435)
Completed 200 OK in 62ms (Views: 53.8ms | ActiveRecord: 0.8ms | Allocations: 44779)


Started GET "/microposts/new" for 127.0.0.1 at 2022-07-22 12:17:39 +0900
Processing by MicropostsController#new as HTML
  Rendering layout layouts/application.html.erb
  Rendering microposts/new.html.erb within layouts/application
  Rendered microposts/_form.html.erb (Duration: 8.7ms | Allocations: 3281)
  Rendered microposts/new.html.erb within layouts/application (Duration: 10.9ms | Allocations: 3648)
  Rendered layout layouts/application.html.erb (Duration: 14.3ms | Allocations: 5962)
Completed 200 OK in 16ms (Views: 15.1ms | ActiveRecord: 0.0ms | Allocations: 6448)


Started POST "/microposts" for 127.0.0.1 at 2022-07-22 12:17:54 +0900
Processing by MicropostsController#create as TURBO_STREAM
  Parameters: {"authenticity_token"=>"[FILTERED]", "micropost"=>{"content"=>"ãƒžã‚¤ã‚¯ãƒ­ãƒã‚¹ãƒˆã®ãƒžã‚¤ã‚¯ãƒ­ã¨ã„ã†åå‰ã«ãµã•ã‚ã—ããªã‚‹ã‚ˆã†ã«ã€ä½•ã‚‰ã‹ã®æ–¹æ³•ã§æ–‡å­—æ•°åˆ¶é™ã‚’ä¸Žãˆã¦ã¿ã¾ã—ã‚‡ã†ã€‚Railsã§ã¯ã“ã®ã‚ˆã†ãªã¨ãã€ãƒãƒªãƒ‡ãƒ¼ã‚·ãƒ§ãƒ³ï¼ˆvalidationï¼‰ã‚’ä½¿ã£ã¦ç°¡å˜ã«åˆ¶é™ã‚’åŠ ãˆã‚‹ã“ã¨ãŒã§ãã¾ã™ã€‚ä¾‹ãˆã°Twitterã®å…ƒã®è¨­è¨ˆã«å€£ã£ã¦140æ–‡å­—åˆ¶é™ã‚’åŠ ãˆãŸã„ã¨ãã¯ã€lengthã‚’ä½¿ã†ã ã‘ã§ã™ã€‚ãƒ†ã‚­ã‚¹ãƒˆã‚¨ãƒ‡ã‚£ã‚¿ã‹IDEã‚’ä½¿ã£ã¦app/models/micropost.rbã‚’é–‹ãã€ãƒªã‚¹ãƒˆ 2.14ã®å†…å®¹ã‚’æ›¸ãåŠ ãˆã¦ã¿ã¦ãã ã•ã„ã€‚", "user_id"=>"2"}, "commit"=>"Create Micropost"}
  Rendering layout layouts/application.html.erb
  Rendering microposts/new.html.erb within layouts/application
  Rendered microposts/_form.html.erb (Duration: 4.8ms | Allocations: 2018)
  Rendered microposts/new.html.erb within layouts/application (Duration: 5.2ms | Allocations: 2134)
  Rendered layout layouts/application.html.erb (Duration: 8.3ms | Allocations: 4427)
Completed 422 Unprocessable Entity in 13ms (Views: 9.0ms | ActiveRecord: 0.0ms | Allocations: 5987)


  [1m[35m (0.5ms)[0m  [1m[34mSELECT sqlite_version(*)[0m
  [1m[36mUser Load (0.1ms)[0m  [1m[34mSELECT "users".* FROM "users" ORDER BY "users"."id" ASC LIMIT ?[0m  [["LIMIT", 1]]
  [1m[36mMicropost Load (0.2ms)[0m  [1m[34mSELECT "microposts".* FROM "microposts" WHERE "microposts"."user_id" = ?[0m  [["user_id", 1]]
Started GET "/" for 127.0.0.1 at 2022-07-22 12:37:09 +0900
  [1m[35m (0.4ms)[0m  [1m[34mSELECT sqlite_version(*)[0m
  [1m[36mActiveRecord::SchemaMigration Pluck (0.1ms)[0m  [1m[34mSELECT "schema_migrations"."version" FROM "schema_migrations" ORDER BY "schema_migrations"."version" ASC[0m
Processing by UsersController#index as HTML
  Rendering layout layouts/application.html.erb
  Rendering users/index.html.erb within layouts/application
  [1m[36mUser Load (0.1ms)[0m  [1m[34mSELECT "users".* FROM "users"[0m
  â†³ app/views/users/index.html.erb:6
  Rendered users/_user.html.erb (Duration: 0.5ms | Allocations: 271)
  Rendered users/index.html.erb within layouts/application (Duration: 9.6ms | Allocations: 5609)
  Rendered layout layouts/application.html.erb (Duration: 43.5ms | Allocations: 40397)
Completed 200 OK in 55ms (Views: 45.2ms | ActiveRecord: 0.5ms | Allocations: 45710)


Started GET "/users/new" for 127.0.0.1 at 2022-07-22 12:37:18 +0900
Processing by UsersController#new as HTML
  Rendering layout layouts/application.html.erb
  Rendering users/new.html.erb within layouts/application
  Rendered users/_form.html.erb (Duration: 4.3ms | Allocations: 3051)
  Rendered users/new.html.erb within layouts/application (Duration: 5.1ms | Allocations: 3414)
  Rendered layout layouts/application.html.erb (Duration: 8.9ms | Allocations: 5728)
Completed 200 OK in 10ms (Views: 9.6ms | ActiveRecord: 0.0ms | Allocations: 6214)


Started POST "/users" for 127.0.0.1 at 2022-07-22 12:37:30 +0900
Processing by UsersController#create as TURBO_STREAM
  Parameters: {"authenticity_token"=>"[FILTERED]", "user"=>{"name"=>"Mizuno Yasuaki", "email"=>"h19"}, "commit"=>"Create User"}
  [1m[36mTRANSACTION (0.1ms)[0m  [1m[36mbegin transaction[0m
  â†³ app/controllers/users_controller.rb:27:in `block in create'
  [1m[36mUser Create (0.3ms)[0m  [1m[32mINSERT INTO "users" ("name", "email", "created_at", "updated_at") VALUES (?, ?, ?, ?)[0m  [["name", "Mizuno Yasuaki"], ["email", "h19"], ["created_at", "2022-07-22 03:37:30.318388"], ["updated_at", "2022-07-22 03:37:30.318388"]]
  â†³ app/controllers/users_controller.rb:27:in `block in create'
  [1m[36mTRANSACTION (3.9ms)[0m  [1m[36mcommit transaction[0m
  â†³ app/controllers/users_controller.rb:27:in `block in create'
Redirected to http://localhost:3000/users/2
Completed 302 Found in 9ms (ActiveRecord: 4.2ms | Allocations: 3943)


Started GET "/users/2" for 127.0.0.1 at 2022-07-22 12:37:30 +0900
Processing by UsersController#show as TURBO_STREAM
  Parameters: {"id"=>"2"}
  [1m[36mUser Load (0.1ms)[0m  [1m[34mSELECT "users".* FROM "users" WHERE "users"."id" = ? LIMIT ?[0m  [["id", 2], ["LIMIT", 1]]
  â†³ app/controllers/users_controller.rb:63:in `set_user'
  Rendering layout layouts/application.html.erb
  Rendering users/show.html.erb within layouts/application
  Rendered users/_user.html.erb (Duration: 0.1ms | Allocations: 31)
  Rendered users/show.html.erb within layouts/application (Duration: 1.4ms | Allocations: 1046)
  Rendered layout layouts/application.html.erb (Duration: 3.6ms | Allocations: 3344)
Completed 200 OK in 7ms (Views: 4.0ms | ActiveRecord: 0.1ms | Allocations: 6118)


Started GET "/users/2/edit" for 127.0.0.1 at 2022-07-22 12:37:38 +0900
Processing by UsersController#edit as HTML
  Parameters: {"id"=>"2"}
  [1m[36mUser Load (0.1ms)[0m  [1m[34mSELECT "users".* FROM "users" WHERE "users"."id" = ? LIMIT ?[0m  [["id", 2], ["LIMIT", 1]]
  â†³ app/controllers/users_controller.rb:63:in `set_user'
  Rendering layout layouts/application.html.erb
  Rendering users/edit.html.erb within layouts/application
  Rendered users/_form.html.erb (Duration: 2.1ms | Allocations: 1172)
  Rendered users/edit.html.erb within layouts/application (Duration: 3.0ms | Allocations: 1482)
  Rendered layout layouts/application.html.erb (Duration: 5.2ms | Allocations: 3674)
Completed 200 OK in 7ms (Views: 5.7ms | ActiveRecord: 0.1ms | Allocations: 4513)


Started GET "/users/2/edit" for 127.0.0.1 at 2022-07-22 12:39:56 +0900
  [1m[35m (0.6ms)[0m  [1m[34mSELECT sqlite_version(*)[0m
  [1m[36mActiveRecord::SchemaMigration Pluck (0.1ms)[0m  [1m[34mSELECT "schema_migrations"."version" FROM "schema_migrations" ORDER BY "schema_migrations"."version" ASC[0m
Processing by UsersController#edit as HTML
  Parameters: {"id"=>"2"}
  [1m[36mUser Load (0.1ms)[0m  [1m[34mSELECT "users".* FROM "users" WHERE "users"."id" = ? LIMIT ?[0m  [["id", 2], ["LIMIT", 1]]
  â†³ app/controllers/users_controller.rb:63:in `set_user'
  Rendering layout layouts/application.html.erb
  Rendering users/edit.html.erb within layouts/application
  Rendered users/_form.html.erb (Duration: 7.3ms | Allocations: 3475)
  Rendered users/edit.html.erb within layouts/application (Duration: 8.7ms | Allocations: 4186)
  Rendered layout layouts/application.html.erb (Duration: 44.5ms | Allocations: 38283)
Completed 200 OK in 62ms (Views: 47.1ms | ActiveRecord: 0.6ms | Allocations: 49116)


Started PATCH "/users/2" for 127.0.0.1 at 2022-07-22 12:39:59 +0900
Processing by UsersController#update as TURBO_STREAM
  Parameters: {"authenticity_token"=>"[FILTERED]", "user"=>{"name"=>"Mizuno Yasuaki", "email"=>"h19"}, "commit"=>"Update User", "id"=>"2"}
  [1m[36mUser Load (0.2ms)[0m  [1m[34mSELECT "users".* FROM "users" WHERE "users"."id" = ? LIMIT ?[0m  [["id", 2], ["LIMIT", 1]]
  â†³ app/controllers/users_controller.rb:63:in `set_user'
Redirected to http://localhost:3000/users/2
Completed 302 Found in 7ms (ActiveRecord: 0.2ms | Allocations: 1994)


Started GET "/users/2" for 127.0.0.1 at 2022-07-22 12:39:59 +0900
Processing by UsersController#show as TURBO_STREAM
  Parameters: {"id"=>"2"}
  [1m[36mUser Load (0.1ms)[0m  [1m[34mSELECT "users".* FROM "users" WHERE "users"."id" = ? LIMIT ?[0m  [["id", 2], ["LIMIT", 1]]
  â†³ app/controllers/users_controller.rb:63:in `set_user'
  Rendering layout layouts/application.html.erb
  Rendering users/show.html.erb within layouts/application
  Rendered users/_user.html.erb (Duration: 0.5ms | Allocations: 240)
  Rendered users/show.html.erb within layouts/application (Duration: 3.5ms | Allocations: 1494)
  Rendered layout layouts/application.html.erb (Duration: 6.4ms | Allocations: 3793)
Completed 200 OK in 9ms (Views: 7.1ms | ActiveRecord: 0.1ms | Allocations: 4761)


Started GET "/users/2" for 127.0.0.1 at 2022-07-22 12:42:07 +0900
  [1m[35m (0.4ms)[0m  [1m[34mSELECT sqlite_version(*)[0m
  [1m[36mActiveRecord::SchemaMigration Pluck (0.2ms)[0m  [1m[34mSELECT "schema_migrations"."version" FROM "schema_migrations" ORDER BY "schema_migrations"."version" ASC[0m
Processing by UsersController#show as HTML
  Parameters: {"id"=>"2"}
  [1m[36mUser Load (0.1ms)[0m  [1m[34mSELECT "users".* FROM "users" WHERE "users"."id" = ? LIMIT ?[0m  [["id", 2], ["LIMIT", 1]]
  â†³ app/controllers/users_controller.rb:63:in `set_user'
  Rendering layout layouts/application.html.erb
  Rendering users/show.html.erb within layouts/application
  Rendered users/_user.html.erb (Duration: 0.6ms | Allocations: 270)
  Rendered users/show.html.erb within layouts/application (Duration: 5.3ms | Allocations: 2067)
  Rendered layout layouts/application.html.erb (Duration: 43.1ms | Allocations: 36133)
Completed 200 OK in 59ms (Views: 45.3ms | ActiveRecord: 0.6ms | Allocations: 46994)


Started DELETE "/users/2" for 127.0.0.1 at 2022-07-22 12:42:10 +0900
Processing by UsersController#destroy as TURBO_STREAM
  Parameters: {"authenticity_token"=>"[FILTERED]", "id"=>"2"}
  [1m[36mUser Load (0.3ms)[0m  [1m[34mSELECT "users".* FROM "users" WHERE "users"."id" = ? LIMIT ?[0m  [["id", 2], ["LIMIT", 1]]
  â†³ app/controllers/users_controller.rb:63:in `set_user'
  [1m[36mTRANSACTION (0.1ms)[0m  [1m[36mbegin transaction[0m
  â†³ app/controllers/users_controller.rb:52:in `destroy'
  [1m[36mUser Destroy (0.3ms)[0m  [1m[31mDELETE FROM "users" WHERE "users"."id" = ?[0m  [["id", 2]]
  â†³ app/controllers/users_controller.rb:52:in `destroy'
  [1m[36mTRANSACTION (4.0ms)[0m  [1m[36mcommit transaction[0m
  â†³ app/controllers/users_controller.rb:52:in `destroy'
Redirected to http://localhost:3000/users
Completed 302 Found in 12ms (ActiveRecord: 4.6ms | Allocations: 2982)


Started GET "/users" for 127.0.0.1 at 2022-07-22 12:42:10 +0900
Processing by UsersController#index as TURBO_STREAM
  Rendering layout layouts/application.html.erb
  Rendering users/index.html.erb within layouts/application
  [1m[36mUser Load (0.2ms)[0m  [1m[34mSELECT "users".* FROM "users"[0m
  â†³ app/views/users/index.html.erb:6
  Rendered users/_user.html.erb (Duration: 0.1ms | Allocations: 32)
  Rendered users/index.html.erb within layouts/application (Duration: 2.4ms | Allocations: 1386)
  Rendered layout layouts/application.html.erb (Duration: 4.7ms | Allocations: 3690)
Completed 200 OK in 6ms (Views: 4.9ms | ActiveRecord: 0.2ms | Allocations: 4163)


Started GET "/microposts/" for 127.0.0.1 at 2022-07-22 12:42:21 +0900
Processing by MicropostsController#index as HTML
  Rendering layout layouts/application.html.erb
  Rendering microposts/index.html.erb within layouts/application
  [1m[36mMicropost Load (0.1ms)[0m  [1m[34mSELECT "microposts".* FROM "microposts"[0m
  â†³ app/views/microposts/index.html.erb:6
  Rendered microposts/_micropost.html.erb (Duration: 0.5ms | Allocations: 206)
  Rendered microposts/_micropost.html.erb (Duration: 0.1ms | Allocations: 25)
  Rendered microposts/index.html.erb within layouts/application (Duration: 7.5ms | Allocations: 3957)
  Rendered layout layouts/application.html.erb (Duration: 10.1ms | Allocations: 6368)
Completed 200 OK in 14ms (Views: 10.5ms | ActiveRecord: 0.5ms | Allocations: 8422)


Started GET "/microposts/new" for 127.0.0.1 at 2022-07-22 12:42:24 +0900
Processing by MicropostsController#new as HTML
  Rendering layout layouts/application.html.erb
  Rendering microposts/new.html.erb within layouts/application
  Rendered microposts/_form.html.erb (Duration: 10.1ms | Allocations: 3242)
  Rendered microposts/new.html.erb within layouts/application (Duration: 11.4ms | Allocations: 3585)
  Rendered layout layouts/application.html.erb (Duration: 14.4ms | Allocations: 5898)
Completed 200 OK in 16ms (Views: 15.0ms | ActiveRecord: 0.0ms | Allocations: 6324)


Started POST "/microposts" for 127.0.0.1 at 2022-07-22 12:42:27 +0900
Processing by MicropostsController#create as TURBO_STREAM
  Parameters: {"authenticity_token"=>"[FILTERED]", "micropost"=>{"content"=>"", "user_id"=>"1"}, "commit"=>"Create Micropost"}
  [1m[36mTRANSACTION (0.2ms)[0m  [1m[36mbegin transaction[0m
  â†³ app/controllers/microposts_controller.rb:27:in `block in create'
  [1m[36mUser Load (0.2ms)[0m  [1m[34mSELECT "users".* FROM "users" WHERE "users"."id" = ? LIMIT ?[0m  [["id", 1], ["LIMIT", 1]]
  â†³ app/controllers/microposts_controller.rb:27:in `block in create'
  [1m[36mTRANSACTION (0.1ms)[0m  [1m[31mrollback transaction[0m
  â†³ app/controllers/microposts_controller.rb:27:in `block in create'
  Rendering layout layouts/application.html.erb
  Rendering microposts/new.html.erb within layouts/application
  Rendered microposts/_form.html.erb (Duration: 7.6ms | Allocations: 1988)
  Rendered microposts/new.html.erb within layouts/application (Duration: 8.3ms | Allocations: 2104)
  Rendered layout layouts/application.html.erb (Duration: 13.5ms | Allocations: 4400)
Completed 422 Unprocessable Entity in 36ms (Views: 14.5ms | ActiveRecord: 0.5ms | Allocations: 10288)


